<?xml version="1.0" encoding="UTF-8"?>
<testsuites name="New Test Suite" time="1" tests="0" failures="1" errors="0">
   <testsuite name="New Test Suite" tests="0" failures="1" errors="0" time="1" timestamp="2018-05-24 10:25:49" hostname="DESKTOP-NGDSH7O$ - DESKTOP-NGDSH7O" id="Test Suites/New Test Suite">
      <properties>
         <property name="deviceName" value=""/>
         <property name="devicePlatform" value=""/>
         <property name="logFolder" value="D:\\test\\superman\\Reports\\New Test Suite\\20180524_102548"/>
         <property name="logFiles" value="D:\\test\\superman\\Reports\\New Test Suite\\20180524_102548\\execution0.log"/>
         <property name="attachments" value=""/>
         <property name="hostName" value="DESKTOP-NGDSH7O$ - DESKTOP-NGDSH7O"/>
         <property name="hostAddress" value="10.17.11.225"/>
         <property name="os" value="Windows 10 64bit"/>
         <property name="katalonVersion" value="5.3.1.1"/>
      </properties>
      <testcase name="Test Cases/baidu" classname="Test Cases/baidu" status="FAILED">
         <failure type="FAILED" message="Unable to open browser with url: 'https://www.baidu.com/' (Root cause: org.openqa.selenium.WebDriverException: The best matching driver provider org.openqa.selenium.ie.InternetExplorerDriver can't create a new driver instance for Capabilities [{}]
Build info: version: '2.53.1', revision: 'a36b8b1', time: '2016-06-30 17:37:03'
System info: host: 'jc-PC', ip: '10.17.5.122', os.name: 'Windows 7', os.arch: 'amd64', os.version: '6.1', java.version: '9.0.4'
Driver info: driver.version: unknown
Command duration or timeout: 158 milliseconds)"/>
         <system-out><![CDATA[2018-05-24 10:25:49 - [TEST_CASE][FAILED] - Test Cases/baidu: Test Cases/baidu FAILED because (of) Unable to open browser with url: 'https://www.baidu.com/' (Root cause: org.openqa.selenium.WebDriverException: The best matching driver provider org.openqa.selenium.ie.InternetExplorerDriver can't create a new driver instance for Capabilities [{}]
Build info: version: '2.53.1', revision: 'a36b8b1', time: '2016-06-30 17:37:03'
System info: host: 'jc-PC', ip: '10.17.5.122', os.name: 'Windows 7', os.arch: 'amd64', os.version: '6.1', java.version: '9.0.4'
Driver info: driver.version: unknown
Command duration or timeout: 158 milliseconds)

2018-05-24 10:25:50 - [TEST_STEP][FAILED] - openBrowser: Unable to open browser with url: 'https://www.baidu.com/' (Root cause: org.openqa.selenium.WebDriverException: The best matching driver provider org.openqa.selenium.ie.InternetExplorerDriver can't create a new driver instance for Capabilities [{}]
Build info: version: '2.53.1', revision: 'a36b8b1', time: '2016-06-30 17:37:03'
System info: host: 'jc-PC', ip: '10.17.5.122', os.name: 'Windows 7', os.arch: 'amd64', os.version: '6.1', java.version: '9.0.4'
Driver info: driver.version: unknown
Command duration or timeout: 158 milliseconds)

2018-05-24 10:25:50 - [MESSAGE][FAILED] - Unable to open browser with url: 'https://www.baidu.com/' (Root cause: org.openqa.selenium.WebDriverException: The best matching driver provider org.openqa.selenium.ie.InternetExplorerDriver can't create a new driver instance for Capabilities [{}]
Build info: version: '2.53.1', revision: 'a36b8b1', time: '2016-06-30 17:37:03'
System info: host: 'jc-PC', ip: '10.17.5.122', os.name: 'Windows 7', os.arch: 'amd64', os.version: '6.1', java.version: '9.0.4'
Driver info: driver.version: unknown
Command duration or timeout: 158 milliseconds)]]></system-out>
         <system-err><![CDATA[2018-05-24 10:25:49 - [TEST_CASE][FAILED] - Test Cases/baidu: Test Cases/baidu FAILED because (of) Unable to open browser with url: 'https://www.baidu.com/' (Root cause: org.openqa.selenium.WebDriverException: The best matching driver provider org.openqa.selenium.ie.InternetExplorerDriver can't create a new driver instance for Capabilities [{}]
Build info: version: '2.53.1', revision: 'a36b8b1', time: '2016-06-30 17:37:03'
System info: host: 'jc-PC', ip: '10.17.5.122', os.name: 'Windows 7', os.arch: 'amd64', os.version: '6.1', java.version: '9.0.4'
Driver info: driver.version: unknown
Command duration or timeout: 158 milliseconds)]]></system-err>
      </testcase>
      <system-out><![CDATA[2018-05-24 10:25:49 - [TEST_SUITE][FAILED] - New Test Suite: Test Cases/baidu FAILED because (of) Unable to open browser with url: 'https://www.baidu.com/' (Root cause: org.openqa.selenium.WebDriverException: The best matching driver provider org.openqa.selenium.ie.InternetExplorerDriver can't create a new driver instance for Capabilities [{}]
Build info: version: '2.53.1', revision: 'a36b8b1', time: '2016-06-30 17:37:03'
System info: host: 'jc-PC', ip: '10.17.5.122', os.name: 'Windows 7', os.arch: 'amd64', os.version: '6.1', java.version: '9.0.4'
Driver info: driver.version: unknown
Command duration or timeout: 158 milliseconds)]]></system-out>
      <system-err><![CDATA[2018-05-24 10:25:49 - [TEST_SUITE][FAILED] - New Test Suite: Test Cases/baidu FAILED because (of) Unable to open browser with url: 'https://www.baidu.com/' (Root cause: org.openqa.selenium.WebDriverException: The best matching driver provider org.openqa.selenium.ie.InternetExplorerDriver can't create a new driver instance for Capabilities [{}]
Build info: version: '2.53.1', revision: 'a36b8b1', time: '2016-06-30 17:37:03'
System info: host: 'jc-PC', ip: '10.17.5.122', os.name: 'Windows 7', os.arch: 'amd64', os.version: '6.1', java.version: '9.0.4'
Driver info: driver.version: unknown
Command duration or timeout: 158 milliseconds)]]></system-err>
   </testsuite>
</testsuites>
